<?xml version="1.0" encoding="UTF-8" ?>
<testsuite tests="14" failures="0" name="senhorDosAneis.logisticaDeCombate.MapaTest" time="0.01" errors="0" skipped="0">
  <properties>
[...]
</properties>
  <testcase classname="senhorDosAneis.logisticaDeCombate.MapaTest" name="legolasMorreAoLevarDanoFatal" time="0.007"/>
  <testcase classname="senhorDosAneis.logisticaDeCombate.MapaTest" name="exibir" time="0"/>
  <testcase classname="senhorDosAneis.logisticaDeCombate.MapaTest" name="gimliAtacaENaoSeMovimentaAoNaoMatar" time="0.001"/>
  <testcase classname="senhorDosAneis.logisticaDeCombate.MapaTest" name="legolasPriorizaBonecoMaisDistante" time="0.001"/>
  <testcase classname="senhorDosAneis.logisticaDeCombate.MapaTest" name="goblimPriorizaBonecoMaisDistanteENaoSeMovimentaPoisNaoMata" time="0"/>
  <testcase classname="senhorDosAneis.logisticaDeCombate.MapaTest" name="orcAtacaENaoSeMovimentaAoNaoMatar" time="0"/>
  <testcase classname="senhorDosAneis.logisticaDeCombate.MapaTest" name="gandalfAtacaESeNaoMovimenta" time="0"/>
  <testcase classname="senhorDosAneis.logisticaDeCombate.MapaTest" name="gandalfAtacaESeMovimenta" time="0.001"/>
  <testcase classname="senhorDosAneis.logisticaDeCombate.MapaTest" name="goblimMorreAoLevarDanoFatal" time="0"/>
  <testcase classname="senhorDosAneis.logisticaDeCombate.MapaTest" name="legolasPriorizaBonecoMaisDistanteENaoSeMovimentaPoisNaoMata" time="0"/>
  <testcase classname="senhorDosAneis.logisticaDeCombate.MapaTest" name="SarumanAtacaESeNaoMovimenta" time="0"/>
  <testcase classname="senhorDosAneis.logisticaDeCombate.MapaTest" name="SarumanAtacaESeMovimenta" time="0"/>
  <testcase classname="senhorDosAneis.logisticaDeCombate.MapaTest" name="orcAtacaESeMovimentaAoMatar" time="0"/>
  <testcase classname="senhorDosAneis.logisticaDeCombate.MapaTest" name="gimliAtacaESeMovimentaAoMatar" time="0"/>
</testsuite>